[debug] [2022-08-30T12:35:00.985Z] ----------------------------------------------------------------------
[debug] [2022-08-30T12:35:00.989Z] Command:       C:\Program Files\nodejs\node.exe C:\Users\gabri\AppData\Roaming\npm\node_modules\firebase-tools\lib\bin\firebase.js init hosting
[debug] [2022-08-30T12:35:00.990Z] CLI Version:   11.8.0
[debug] [2022-08-30T12:35:00.990Z] Platform:      win32
[debug] [2022-08-30T12:35:00.990Z] Node Version:  v16.17.0
[debug] [2022-08-30T12:35:00.992Z] Time:          Tue Aug 30 2022 13:35:00 GMT+0100 (Hora de verão da Europa Ocidental)
[debug] [2022-08-30T12:35:00.993Z] ----------------------------------------------------------------------
[debug] 
[debug] [2022-08-30T12:35:01.012Z] > command requires scopes: ["email","openid","https://www.googleapis.com/auth/cloudplatformprojects.readonly","https://www.googleapis.com/auth/firebase","https://www.googleapis.com/auth/cloud-platform"]
[debug] [2022-08-30T12:35:01.014Z] > authorizing via signed-in user (fgsoftwarestudio@gmail.com)
[info] 
     ######## #### ########  ######## ########     ###     ######  ########
     ##        ##  ##     ## ##       ##     ##  ##   ##  ##       ##
     ######    ##  ########  ######   ########  #########  ######  ######
     ##        ##  ##    ##  ##       ##     ## ##     ##       ## ##
     ##       #### ##     ## ######## ########  ##     ##  ######  ########

You're about to initialize a Firebase project in this directory:

  C:\Users\gabri\AndroidStudioProjects\notes\www

[info] 
=== Project Setup
[info] 
[info] First, let's associate this project directory with a Firebase project.
[info] You can create multiple project aliases by running firebase use --add, 
[info] but for now we'll just set up a default project.
[info] 
[debug] [2022-08-30T12:35:08.620Z] >>> [apiv2][query] GET https://firebase.googleapis.com/v1beta1/projects pageSize=100
[debug] [2022-08-30T12:35:09.188Z] <<< [apiv2][status] GET https://firebase.googleapis.com/v1beta1/projects 200
[debug] [2022-08-30T12:35:09.189Z] <<< [apiv2][body] GET https://firebase.googleapis.com/v1beta1/projects [omitted]
[info] i  Using project notes-2de5f (notes) 
[info] 
=== Hosting Setup
[info] 
[info] Your public directory is the folder (relative to your project directory) that
[info] will contain Hosting assets to be uploaded with firebase deploy. If you
[info] have a build process for your assets, use your build's output directory.
[info] 
[info] +  Wrote public/404.html 
[debug] [2022-08-30T12:35:26.052Z] >>> [apiv2][query] GET https://www.gstatic.com/firebasejs/releases.json [none]
[debug] [2022-08-30T12:35:26.173Z] <<< [apiv2][status] GET https://www.gstatic.com/firebasejs/releases.json 200
[debug] [2022-08-30T12:35:26.174Z] <<< [apiv2][body] GET https://www.gstatic.com/firebasejs/releases.json {"current":{"version":"9.9.3","browserURL":"https://www.gstatic.com/firebasejs/9.9.3/firebase.js","packageURL":"https://www.gstatic.com/firebasejs/9.9.3/firebase.tgz"},"live":{"version":"9.9","browserURL":"https://www.gstatic.com/firebasejs/live/9.9/firebase.js","packageURL":"https://www.gstatic.com/firebasejs/live/9.9/firebase.tgz"},"components":{"analytics":"https://www.gstatic.com/firebasejs/9.9.3/firebase-analytics.js","app":"https://www.gstatic.com/firebasejs/9.9.3/firebase-app.js","app-check":"https://www.gstatic.com/firebasejs/9.9.3/firebase-app-check.js","auth":"https://www.gstatic.com/firebasejs/9.9.3/firebase-auth.js","auth/cordova":"https://www.gstatic.com/firebasejs/9.9.3/firebase-auth/cordova.js","auth/react-native":"https://www.gstatic.com/firebasejs/9.9.3/firebase-auth/react-native.js","functions":"https://www.gstatic.com/firebasejs/9.9.3/firebase-functions.js","firestore":"https://www.gstatic.com/firebasejs/9.9.3/firebase-firestore.js","firestore/lite":"https://www.gstatic.com/firebasejs/9.9.3/firebase-firestore/lite.js","installations":"https://www.gstatic.com/firebasejs/9.9.3/firebase-installations.js","storage":"https://www.gstatic.com/firebasejs/9.9.3/firebase-storage.js","performance":"https://www.gstatic.com/firebasejs/9.9.3/firebase-performance.js","remote-config":"https://www.gstatic.com/firebasejs/9.9.3/firebase-remote-config.js","messaging":"https://www.gstatic.com/firebasejs/9.9.3/firebase-messaging.js","messaging/sw":"https://www.gstatic.com/firebasejs/9.9.3/firebase-messaging/sw.js","database":"https://www.gstatic.com/firebasejs/9.9.3/firebase-database.js","firestore.memory":"https://www.gstatic.com/firebasejs/9.9.3/firebase-firestore.memory.js"}}
[info] +  Wrote public/index.html 
[info] 
[info] i  Didn't detect a .git folder. Assuming C:\Users\gabri\AndroidStudioProjects\notes\www is the project root. 
[info] i  Authorizing with GitHub to upload your service account to a GitHub repository's secrets store. 
[info] 
[info] Visit this URL on this device to log in:
[info] https://github.com/login/oauth/authorize?client_id=89cf50f02ac6aaed3484&state=31661513&redirect_uri=http%3A%2F%2Flocalhost%3A9005&scope=read%3Auser%20repo%20public_repo
[info] 
[info] Waiting for authentication...
[debug] [2022-08-30T12:36:05.302Z] >>> [apiv2][query] POST https://github.com/login/oauth/access_token [none]
[debug] [2022-08-30T12:36:05.302Z] >>> [apiv2][body] POST https://github.com/login/oauth/access_token [stream]
[debug] [2022-08-30T12:36:05.681Z] <<< [apiv2][status] POST https://github.com/login/oauth/access_token 200
[debug] [2022-08-30T12:36:05.681Z] <<< [apiv2][body] POST https://github.com/login/oauth/access_token {"access_token":"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","token_type":"bearer","scope":"read:user,repo"}
[debug] [2022-08-30T12:36:05.693Z] >>> [apiv2][query] GET https://api.github.com/user [none]
[debug] [2022-08-30T12:36:06.106Z] <<< [apiv2][status] GET https://api.github.com/user 200
[debug] [2022-08-30T12:36:06.106Z] <<< [apiv2][body] GET https://api.github.com/user {"login":"fgsoftware1","id":60277618,"node_id":"MDQ6VXNlcjYwMjc3NjE4","avatar_url":"https://avatars.githubusercontent.com/u/60277618?v=4","gravatar_id":"","url":"https://api.github.com/users/fgsoftware1","html_url":"https://github.com/fgsoftware1","followers_url":"https://api.github.com/users/fgsoftware1/followers","following_url":"https://api.github.com/users/fgsoftware1/following{/other_user}","gists_url":"https://api.github.com/users/fgsoftware1/gists{/gist_id}","starred_url":"https://api.github.com/users/fgsoftware1/starred{/owner}{/repo}","subscriptions_url":"https://api.github.com/users/fgsoftware1/subscriptions","organizations_url":"https://api.github.com/users/fgsoftware1/orgs","repos_url":"https://api.github.com/users/fgsoftware1/repos","events_url":"https://api.github.com/users/fgsoftware1/events{/privacy}","received_events_url":"https://api.github.com/users/fgsoftware1/received_events","type":"User","site_admin":false,"name":"Gabriel Aguiar","company":null,"blog":"","location":"Portugal","email":null,"hireable":null,"bio":null,"twitter_username":null,"public_repos":48,"public_gists":0,"followers":4,"following":43,"created_at":"2020-01-24T23:29:45Z","updated_at":"2022-08-21T10:34:28Z","private_gists":0,"total_private_repos":4,"owned_private_repos":3,"disk_usage":339997,"collaborators":0,"two_factor_authentication":false,"plan":{"name":"free","space":976562499,"collaborators":0,"private_repos":10000}}
[info] 
[info] +  Success! Logged into GitHub as fgsoftware1 
[info] 
